<?xml version="1.0" encoding="UTF-8"?>
<testsuite name="CalculatorTest" tests="6" skipped="0" failures="0" errors="0" timestamp="2020-03-08T09:00:39" hostname="jeondohyeon-ui-MacBookPro.local" time="0.019">
  <properties/>
  <testcase name="result()" classname="CalculatorTest" time="0.007"/>
  <testcase name="calLogic()" classname="CalculatorTest" time="0.004"/>
  <testcase name="ac()" classname="CalculatorTest" time="0.001"/>
  <testcase name="point()" classname="CalculatorTest" time="0.0"/>
  <testcase name="setTarget()" classname="CalculatorTest" time="0.001"/>
  <testcase name="isInteger()" classname="CalculatorTest" time="0.002"/>
  <system-out><![CDATA[]]></system-out>
  <system-err><![CDATA[]]></system-err>
</testsuite>
